squeezehook/build/intermediates/manifest_merge_blame_file/debug/processDebugMainManifest/manifest-merger-blame-debug-report.txt
1<?xml version="1.0" encoding="utf-8"?>
2<manifest xmlns:android="http://schemas.android.com/apk/res/android"
3    package="com.sam.lifelogger.squeezehooks" >
4
5    <uses-sdk
6        android:minSdkVersion="35"
7        android:targetSdkVersion="36" />
8
9    <application
9-->src\main\AndroidManifest.xml:5:5-19:19
10        android:debuggable="true"
11        android:extractNativeLibs="false"
12        android:hasCode="true"
12-->src\main\AndroidManifest.xml:7:9-31
13        android:label="Squeeze Bridge" >
13-->src\main\AndroidManifest.xml:6:9-39
14        <meta-data
14-->src\main\AndroidManifest.xml:9:9-11:36
15            android:name="xposedmodule"
15-->src\main\AndroidManifest.xml:10:13-40
16            android:value="true" />
16-->src\main\AndroidManifest.xml:11:13-33
17        <meta-data
17-->src\main\AndroidManifest.xml:12:9-14:34
18            android:name="xposedminversion"
18-->src\main\AndroidManifest.xml:13:13-44
19            android:value="93" />
19-->src\main\AndroidManifest.xml:14:13-31
20        <meta-data
20-->src\main\AndroidManifest.xml:15:9-17:89
21            android:name="xposeddescription"
21-->src\main\AndroidManifest.xml:16:13-45
22            android:value="Hooks Elmyra squeeze gestures to relay them to Lifelogger" />
22-->src\main\AndroidManifest.xml:17:13-86
23    </application>
24
25</manifest>